{"file":"D:/mygo/src/github.com/gsakun/RulesManager/cmd/main.go:87","func":"main.main.func1","level":"info","msg":"START SYNC","time":"2020-06-16 12:10:45"}
{"file":"D:/mygo/src/github.com/gsakun/RulesManager/handler/handler.go:54","func":"github.com/gsakun/RulesManager/handler.Queryalertgroup","level":"info","msg":"sync zone table success map[1:machine]","time":"2020-06-16 12:10:45"}
{"file":"D:/mygo/src/github.com/gsakun/RulesManager/cmd/main.go:87","func":"main.main.func1","level":"info","msg":"START SYNC","time":"2020-06-16 12:13:19"}
{"file":"D:/mygo/src/github.com/gsakun/RulesManager/handler/handler.go:54","func":"github.com/gsakun/RulesManager/handler.Queryalertgroup","level":"info","msg":"sync zone table success map[1:machine]","time":"2020-06-16 12:13:19"}
{"file":"D:/mygo/src/github.com/gsakun/RulesManager/cmd/main.go:87","func":"main.main.func1","level":"info","msg":"START SYNC","time":"2020-06-16 12:15:45"}
{"file":"D:/mygo/src/github.com/gsakun/RulesManager/handler/handler.go:54","func":"github.com/gsakun/RulesManager/handler.Queryalertgroup","level":"info","msg":"sync zone table success map[1:machine]","time":"2020-06-16 12:15:45"}
{"file":"D:/mygo/src/github.com/gsakun/RulesManager/handler/handler.go:59","func":"github.com/gsakun/RulesManager/handler.HandlerRule","level":"info","msg":"select alert_rule_name,expr,alert_trigger_time,labels,annotations,alert_group_id,state from alert_rule where state!=0 and alert_group_id in (1)","time":"2020-06-16 12:15:45"}
{"file":"D:/mygo/src/github.com/gsakun/RulesManager/cmd/main.go:87","func":"main.main.func1","level":"info","msg":"START SYNC","time":"2020-06-16 12:16:42"}
{"file":"D:/mygo/src/github.com/gsakun/RulesManager/handler/handler.go:54","func":"github.com/gsakun/RulesManager/handler.Queryalertgroup","level":"info","msg":"sync zone table success map[1:machine]","time":"2020-06-16 12:16:42"}
{"file":"D:/mygo/src/github.com/gsakun/RulesManager/cmd/main.go:87","func":"main.main.func1","level":"info","msg":"START SYNC","time":"2020-06-16 12:17:25"}
{"file":"D:/mygo/src/github.com/gsakun/RulesManager/handler/handler.go:54","func":"github.com/gsakun/RulesManager/handler.Queryalertgroup","level":"info","msg":"sync zone table success map[1:machine]","time":"2020-06-16 12:17:25"}
{"file":"D:/mygo/src/github.com/gsakun/RulesManager/cmd/main.go:87","func":"main.main.func1","level":"info","msg":"START SYNC","time":"2020-06-16 12:18:18"}
{"file":"D:/mygo/src/github.com/gsakun/RulesManager/handler/handler.go:54","func":"github.com/gsakun/RulesManager/handler.Queryalertgroup","level":"info","msg":"sync alert_group table success map[1:machine]","time":"2020-06-16 12:18:18"}
{"file":"D:/mygo/src/github.com/gsakun/RulesManager/handler/handler.go:187","func":"github.com/gsakun/RulesManager/handler.generateYaml","level":"info","msg":"machine","time":"2020-06-16 12:18:18"}
{"file":"D:/mygo/src/github.com/gsakun/RulesManager/cmd/main.go:87","func":"main.main.func1","level":"info","msg":"START SYNC","time":"2020-06-16 12:19:13"}
{"file":"D:/mygo/src/github.com/gsakun/RulesManager/handler/handler.go:54","func":"github.com/gsakun/RulesManager/handler.Queryalertgroup","level":"info","msg":"sync alert_group table success map[1:machine]","time":"2020-06-16 12:19:13"}
{"file":"D:/mygo/src/github.com/gsakun/RulesManager/handler/handler.go:187","func":"github.com/gsakun/RulesManager/handler.generateYaml","level":"info","msg":"machine","time":"2020-06-16 12:19:13"}
{"file":"D:/mygo/src/github.com/gsakun/RulesManager/handler/handler.go:189","func":"github.com/gsakun/RulesManager/handler.generateYaml","level":"info","msg":"D:/mygo/src/github.com/gsakun/RulesManager/yaml/%!d(string=machine)___HighRequestLoad.yml","time":"2020-06-16 12:19:13"}
{"file":"D:/mygo/src/github.com/gsakun/RulesManager/cmd/main.go:87","func":"main.main.func1","level":"info","msg":"START SYNC","time":"2020-06-16 12:20:19"}
{"file":"D:/mygo/src/github.com/gsakun/RulesManager/handler/handler.go:54","func":"github.com/gsakun/RulesManager/handler.Queryalertgroup","level":"info","msg":"sync alert_group table success map[1:machine]","time":"2020-06-16 12:20:19"}
{"file":"D:/mygo/src/github.com/gsakun/RulesManager/handler/handler.go:185","func":"github.com/gsakun/RulesManager/handler.generateYaml","level":"info","msg":"D:/mygo/src/github.com/gsakun/RulesManager/yaml/machine___HighRequestLoad.yml","time":"2020-06-16 12:20:19"}
{"file":"D:/mygo/src/github.com/gsakun/RulesManager/cmd/main.go:87","func":"main.main.func1","level":"info","msg":"START SYNC","time":"2020-06-16 12:23:45"}
{"file":"D:/mygo/src/github.com/gsakun/RulesManager/handler/handler.go:54","func":"github.com/gsakun/RulesManager/handler.Queryalertgroup","level":"info","msg":"sync alert_group table success map[1:machine]","time":"2020-06-16 12:23:45"}
